INFO:     Will watch for changes in these directories: ['/workspace/project/zatca-1']
INFO:     Uvicorn running on http://0.0.0.0:12000 (Press CTRL+C to quit)
INFO:     Started reloader process [12294] using StatReload
INFO:     Started server process [12298]
INFO:     Waiting for application startup.
INFO:     Starting application lifespan: initializing DB...
2025-08-20 11:31:19,694 INFO sqlalchemy.engine.Engine select pg_catalog.version()
2025-08-20 11:31:19,694 INFO sqlalchemy.engine.Engine [raw sql] ()
2025-08-20 11:31:19,695 INFO sqlalchemy.engine.Engine select current_schema()
2025-08-20 11:31:19,695 INFO sqlalchemy.engine.Engine [raw sql] ()
2025-08-20 11:31:19,695 INFO sqlalchemy.engine.Engine show standard_conforming_strings
2025-08-20 11:31:19,696 INFO sqlalchemy.engine.Engine [raw sql] ()
2025-08-20 11:31:19,696 INFO sqlalchemy.engine.Engine BEGIN (implicit)
2025-08-20 11:31:19,699 INFO sqlalchemy.engine.Engine SELECT pg_catalog.pg_class.relname 
FROM pg_catalog.pg_class JOIN pg_catalog.pg_namespace ON pg_catalog.pg_namespace.oid = pg_catalog.pg_class.relnamespace 
WHERE pg_catalog.pg_class.relname = $1::VARCHAR AND pg_catalog.pg_class.relkind = ANY (ARRAY[$2::VARCHAR, $3::VARCHAR, $4::VARCHAR, $5::VARCHAR, $6::VARCHAR]) AND pg_catalog.pg_table_is_visible(pg_catalog.pg_class.oid) AND pg_catalog.pg_namespace.nspname != $7::VARCHAR
2025-08-20 11:31:19,699 INFO sqlalchemy.engine.Engine [generated in 0.00015s] ('users', 'r', 'p', 'f', 'v', 'm', 'pg_catalog')
2025-08-20 11:31:19,701 INFO sqlalchemy.engine.Engine SELECT pg_catalog.pg_class.relname 
FROM pg_catalog.pg_class JOIN pg_catalog.pg_namespace ON pg_catalog.pg_namespace.oid = pg_catalog.pg_class.relnamespace 
WHERE pg_catalog.pg_class.relname = $1::VARCHAR AND pg_catalog.pg_class.relkind = ANY (ARRAY[$2::VARCHAR, $3::VARCHAR, $4::VARCHAR, $5::VARCHAR, $6::VARCHAR]) AND pg_catalog.pg_table_is_visible(pg_catalog.pg_class.oid) AND pg_catalog.pg_namespace.nspname != $7::VARCHAR
2025-08-20 11:31:19,701 INFO sqlalchemy.engine.Engine [cached since 0.001959s ago] ('accounts', 'r', 'p', 'f', 'v', 'm', 'pg_catalog')
2025-08-20 11:31:19,701 INFO sqlalchemy.engine.Engine SELECT pg_catalog.pg_class.relname 
FROM pg_catalog.pg_class JOIN pg_catalog.pg_namespace ON pg_catalog.pg_namespace.oid = pg_catalog.pg_class.relnamespace 
WHERE pg_catalog.pg_class.relname = $1::VARCHAR AND pg_catalog.pg_class.relkind = ANY (ARRAY[$2::VARCHAR, $3::VARCHAR, $4::VARCHAR, $5::VARCHAR, $6::VARCHAR]) AND pg_catalog.pg_table_is_visible(pg_catalog.pg_class.oid) AND pg_catalog.pg_namespace.nspname != $7::VARCHAR
2025-08-20 11:31:19,701 INFO sqlalchemy.engine.Engine [cached since 0.002422s ago] ('groups', 'r', 'p', 'f', 'v', 'm', 'pg_catalog')
2025-08-20 11:31:19,702 INFO sqlalchemy.engine.Engine SELECT pg_catalog.pg_class.relname 
FROM pg_catalog.pg_class JOIN pg_catalog.pg_namespace ON pg_catalog.pg_namespace.oid = pg_catalog.pg_class.relnamespace 
WHERE pg_catalog.pg_class.relname = $1::VARCHAR AND pg_catalog.pg_class.relkind = ANY (ARRAY[$2::VARCHAR, $3::VARCHAR, $4::VARCHAR, $5::VARCHAR, $6::VARCHAR]) AND pg_catalog.pg_table_is_visible(pg_catalog.pg_class.oid) AND pg_catalog.pg_namespace.nspname != $7::VARCHAR
2025-08-20 11:31:19,702 INFO sqlalchemy.engine.Engine [cached since 0.002879s ago] ('items', 'r', 'p', 'f', 'v', 'm', 'pg_catalog')
2025-08-20 11:31:19,702 INFO sqlalchemy.engine.Engine SELECT pg_catalog.pg_class.relname 
FROM pg_catalog.pg_class JOIN pg_catalog.pg_namespace ON pg_catalog.pg_namespace.oid = pg_catalog.pg_class.relnamespace 
WHERE pg_catalog.pg_class.relname = $1::VARCHAR AND pg_catalog.pg_class.relkind = ANY (ARRAY[$2::VARCHAR, $3::VARCHAR, $4::VARCHAR, $5::VARCHAR, $6::VARCHAR]) AND pg_catalog.pg_table_is_visible(pg_catalog.pg_class.oid) AND pg_catalog.pg_namespace.nspname != $7::VARCHAR
2025-08-20 11:31:19,702 INFO sqlalchemy.engine.Engine [cached since 0.003292s ago] ('invoices', 'r', 'p', 'f', 'v', 'm', 'pg_catalog')
2025-08-20 11:31:19,703 INFO sqlalchemy.engine.Engine SELECT pg_catalog.pg_class.relname 
FROM pg_catalog.pg_class JOIN pg_catalog.pg_namespace ON pg_catalog.pg_namespace.oid = pg_catalog.pg_class.relnamespace 
WHERE pg_catalog.pg_class.relname = $1::VARCHAR AND pg_catalog.pg_class.relkind = ANY (ARRAY[$2::VARCHAR, $3::VARCHAR, $4::VARCHAR, $5::VARCHAR, $6::VARCHAR]) AND pg_catalog.pg_table_is_visible(pg_catalog.pg_class.oid) AND pg_catalog.pg_namespace.nspname != $7::VARCHAR
2025-08-20 11:31:19,703 INFO sqlalchemy.engine.Engine [cached since 0.003824s ago] ('invoice_item', 'r', 'p', 'f', 'v', 'm', 'pg_catalog')
2025-08-20 11:31:19,703 INFO sqlalchemy.engine.Engine SELECT pg_catalog.pg_class.relname 
FROM pg_catalog.pg_class JOIN pg_catalog.pg_namespace ON pg_catalog.pg_namespace.oid = pg_catalog.pg_class.relnamespace 
WHERE pg_catalog.pg_class.relname = $1::VARCHAR AND pg_catalog.pg_class.relkind = ANY (ARRAY[$2::VARCHAR, $3::VARCHAR, $4::VARCHAR, $5::VARCHAR, $6::VARCHAR]) AND pg_catalog.pg_table_is_visible(pg_catalog.pg_class.oid) AND pg_catalog.pg_namespace.nspname != $7::VARCHAR
2025-08-20 11:31:19,703 INFO sqlalchemy.engine.Engine [cached since 0.004318s ago] ('dbisam_accounts', 'r', 'p', 'f', 'v', 'm', 'pg_catalog')
2025-08-20 11:31:19,704 INFO sqlalchemy.engine.Engine SELECT pg_catalog.pg_class.relname 
FROM pg_catalog.pg_class JOIN pg_catalog.pg_namespace ON pg_catalog.pg_namespace.oid = pg_catalog.pg_class.relnamespace 
WHERE pg_catalog.pg_class.relname = $1::VARCHAR AND pg_catalog.pg_class.relkind = ANY (ARRAY[$2::VARCHAR, $3::VARCHAR, $4::VARCHAR, $5::VARCHAR, $6::VARCHAR]) AND pg_catalog.pg_table_is_visible(pg_catalog.pg_class.oid) AND pg_catalog.pg_namespace.nspname != $7::VARCHAR
2025-08-20 11:31:19,704 INFO sqlalchemy.engine.Engine [cached since 0.004728s ago] ('dbisam_items', 'r', 'p', 'f', 'v', 'm', 'pg_catalog')
2025-08-20 11:31:19,704 INFO sqlalchemy.engine.Engine SELECT pg_catalog.pg_class.relname 
FROM pg_catalog.pg_class JOIN pg_catalog.pg_namespace ON pg_catalog.pg_namespace.oid = pg_catalog.pg_class.relnamespace 
WHERE pg_catalog.pg_class.relname = $1::VARCHAR AND pg_catalog.pg_class.relkind = ANY (ARRAY[$2::VARCHAR, $3::VARCHAR, $4::VARCHAR, $5::VARCHAR, $6::VARCHAR]) AND pg_catalog.pg_table_is_visible(pg_catalog.pg_class.oid) AND pg_catalog.pg_namespace.nspname != $7::VARCHAR
2025-08-20 11:31:19,704 INFO sqlalchemy.engine.Engine [cached since 0.005088s ago] ('dbisam_entries', 'r', 'p', 'f', 'v', 'm', 'pg_catalog')
2025-08-20 11:31:19,704 INFO sqlalchemy.engine.Engine SELECT pg_catalog.pg_class.relname 
FROM pg_catalog.pg_class JOIN pg_catalog.pg_namespace ON pg_catalog.pg_namespace.oid = pg_catalog.pg_class.relnamespace 
WHERE pg_catalog.pg_class.relname = $1::VARCHAR AND pg_catalog.pg_class.relkind = ANY (ARRAY[$2::VARCHAR, $3::VARCHAR, $4::VARCHAR, $5::VARCHAR, $6::VARCHAR]) AND pg_catalog.pg_table_is_visible(pg_catalog.pg_class.oid) AND pg_catalog.pg_namespace.nspname != $7::VARCHAR
2025-08-20 11:31:19,704 INFO sqlalchemy.engine.Engine [cached since 0.005436s ago] ('dbisam_index_entries', 'r', 'p', 'f', 'v', 'm', 'pg_catalog')
2025-08-20 11:31:19,705 INFO sqlalchemy.engine.Engine SELECT pg_catalog.pg_type.typname 
FROM pg_catalog.pg_type JOIN pg_catalog.pg_namespace ON pg_catalog.pg_namespace.oid = pg_catalog.pg_type.typnamespace 
WHERE pg_catalog.pg_type.typname = $1::VARCHAR AND pg_catalog.pg_type_is_visible(pg_catalog.pg_type.oid) AND pg_catalog.pg_namespace.nspname != $2::VARCHAR
2025-08-20 11:31:19,706 INFO sqlalchemy.engine.Engine [generated in 0.00010s] ('invoice_status_enum', 'pg_catalog')
2025-08-20 11:31:19,706 INFO sqlalchemy.engine.Engine COMMIT
INFO:     Database initialization finished.
INFO:     Application startup complete.
INFO:     127.0.0.1:43512 - "GET /api/health HTTP/1.1" 200 OK
2025-08-20 11:32:12 [warning  ] ZATCA certificates not configured - using simulation mode
INFO:     127.0.0.1:43522 - "GET /api/health/zatca HTTP/1.1" 200 OK
INFO:     10.2.45.9:52226 - "GET / HTTP/1.1" 404 Not Found
INFO:     10.2.70.3:56502 - "GET / HTTP/1.1" 404 Not Found
